d:\documenti\progetti\pac-man-sdl\pacman\debug\vc142.pdb
d:\documenti\progetti\pac-man-sdl\pacman\debug\vc142.idb
d:\documenti\progetti\pac-man-sdl\pacman\debug\staticgameentity.obj
d:\documenti\progetti\pac-man-sdl\pacman\debug\pathmaptile.obj
d:\documenti\progetti\pac-man-sdl\pacman\debug\pacman.obj
d:\documenti\progetti\pac-man-sdl\pacman\debug\movablegameentity.obj
d:\documenti\progetti\pac-man-sdl\pacman\debug\main.obj
d:\documenti\progetti\pac-man-sdl\pacman\debug\ghost.obj
d:\documenti\progetti\pac-man-sdl\pacman\debug\gameentity.obj
d:\documenti\progetti\pac-man-sdl\pacman\debug\drawer.obj
d:\documenti\progetti\pac-man-sdl\pacman\debug\tilemap.obj
d:\documenti\progetti\pac-man-sdl\pacman\debug\tilemaptxtreader.obj
d:\documenti\progetti\pac-man-sdl\pacman\debug\gameobject.obj
d:\documenti\progetti\pac-man-sdl\pacman\debug\gamecontroller.obj
d:\documenti\progetti\pac-man-sdl\pacman\debug\spriterenderercomponent.obj
d:\documenti\progetti\pac-man-sdl\pacman\debug\spriteanimationrenderercomponent.obj
d:\documenti\progetti\pac-man-sdl\pacman\debug\playerbehaviourcomponent.obj
d:\documenti\progetti\pac-man-sdl\pacman\debug\component.obj
d:\documenti\progetti\pac-man-sdl\pacman\debug\dot.obj
d:\documenti\progetti\pac-man-sdl\pacman\debug\cherry.obj
d:\documenti\progetti\pac-man-sdl\pacman\debug\bigdot.obj
d:\documenti\progetti\pac-man-sdl\pacman\debug\avatar.obj
d:\documenti\progetti\pac-man-sdl\pacman\debug\world.obj
d:\documenti\progetti\pac-man-sdl\pacman\debug\vector2f.obj
d:\documenti\progetti\pac-man-sdl\debug\pacman.exe
d:\documenti\progetti\pac-man-sdl\debug\pacman.ilk
d:\documenti\progetti\pac-man-sdl\debug\pacman.pdb
d:\documenti\progetti\pac-man-sdl\pacman\debug\gamecontroller.obj.enc
d:\documenti\progetti\pac-man-sdl\pacman\debug\pacman.tlog\cl.command.1.tlog
d:\documenti\progetti\pac-man-sdl\pacman\debug\pacman.tlog\cl.read.1.tlog
d:\documenti\progetti\pac-man-sdl\pacman\debug\pacman.tlog\cl.write.1.tlog
d:\documenti\progetti\pac-man-sdl\pacman\debug\pacman.tlog\link.command.1.tlog
d:\documenti\progetti\pac-man-sdl\pacman\debug\pacman.tlog\link.read.1.tlog
d:\documenti\progetti\pac-man-sdl\pacman\debug\pacman.tlog\link.write.1.tlog
